<?xml version="1.0" encoding="UTF-8"?>
<testng-results skipped="0" failed="0" total="2" passed="2">
  <reporter-output>
  </reporter-output>
  <suite name="Default suite" duration-ms="20914" started-at="2018-02-04T18:37:09Z" finished-at="2018-02-04T18:37:30Z">
    <groups>
    </groups>
    <test name="Default test" duration-ms="20914" started-at="2018-02-04T18:37:09Z" finished-at="2018-02-04T18:37:30Z">
      <class name="com.pluralsight.UnitTest">
        <test-method status="PASS" signature="canGoToHomePage()[pri:0, instance:com.pluralsight.UnitTest@724af044]" name="canGoToHomePage" duration-ms="13402" started-at="2018-02-04T12:37:09Z" finished-at="2018-02-04T12:37:23Z">
          <reporter-output>
          </reporter-output>
        </test-method> <!-- canGoToHomePage -->
        <test-method status="PASS" signature="canGotoJavaPathPage()[pri:0, instance:com.pluralsight.UnitTest@724af044]" name="canGotoJavaPathPage" duration-ms="7314" started-at="2018-02-04T12:37:23Z" finished-at="2018-02-04T12:37:30Z">
          <reporter-output>
          </reporter-output>
        </test-method> <!-- canGotoJavaPathPage -->
        <test-method status="PASS" signature="cleanUp()[pri:0, instance:com.pluralsight.UnitTest@724af044]" name="cleanUp" is-config="true" duration-ms="177" started-at="2018-02-04T12:37:30Z" finished-at="2018-02-04T12:37:30Z">
          <reporter-output>
          </reporter-output>
        </test-method> <!-- cleanUp -->
      </class> <!-- com.pluralsight.UnitTest -->
    </test> <!-- Default test -->
  </suite> <!-- Default suite -->
</testng-results>
